<?xml version="1.0" encoding="UTF-8"?>
<!-- Generated by org.testng.reporters.JUnitReportReporter -->
<testsuite hostname="DESKTOP-DSMKUMD" failures="0" tests="1" name="kirat.Class1" time="6.646" errors="0" timestamp="2021-06-25T21:12:19 EDT" skipped="0">
  <testcase classname="kirat.Class1" name="Saini" time="6.646"/>
  <system-out/>
</testsuite> <!-- kirat.Class1 -->
