<?xml version="1.0" encoding="UTF-8"?>
<!-- Generated by org.testng.reporters.JUnitReportReporter -->
<testsuite hostname="DESKTOP-DSMKUMD" failures="0" tests="2" name="kirat.Class2" time="12.345" errors="0" timestamp="2021-06-25T21:19:54 EDT" skipped="0">
  <testcase classname="kirat.Class2" name="buttons" time="6.598"/>
  <system-out/>
  <testcase classname="kirat.Class2" name="imagess" time="5.747"/>
  <system-out/>
</testsuite> <!-- kirat.Class2 -->
